<?xml version="1.0" encoding="UTF-8"?>
<testng-results skipped="0" failed="0" ignored="0" total="1" passed="1">
  <reporter-output>
  </reporter-output>
  <suite name="Default suite" duration-ms="149" started-at="2018-03-24T10:41:27Z" finished-at="2018-03-24T10:41:27Z">
    <groups>
    </groups>
    <test name="Default test" duration-ms="149" started-at="2018-03-24T10:41:27Z" finished-at="2018-03-24T10:41:27Z">
      <class name="practice.selenium.xpathPractice.NewTest">
        <test-method status="PASS" signature="f()[pri:0, instance:practice.selenium.xpathPractice.NewTest@5d5eef3d]" name="f" duration-ms="26" started-at="2018-03-24T16:11:27Z" finished-at="2018-03-24T16:11:27Z">
          <reporter-output>
          </reporter-output>
        </test-method> <!-- f -->
      </class> <!-- practice.selenium.xpathPractice.NewTest -->
    </test> <!-- Default test -->
  </suite> <!-- Default suite -->
</testng-results>
